21:35:07,788 INFO  [AbstractServer] Starting: JBossAS [6.0.0.Final "Neo"]
21:35:10,228 INFO  [ServerInfo] Java version: 1.6.0_24,Apple Inc.
21:35:10,228 INFO  [ServerInfo] Java Runtime: Java(TM) SE Runtime Environment (build 1.6.0_24-b07-334-10M3326)
21:35:10,229 INFO  [ServerInfo] Java VM: Java HotSpot(TM) 64-Bit Server VM 19.1-b02-334,Apple Inc.
21:35:10,229 INFO  [ServerInfo] OS-System: Mac OS X 10.6.7,x86_64
21:35:10,230 INFO  [ServerInfo] VM arguments: -Xms128m -Xmx1024m -XX:MaxPermSize=256m -Dorg.jboss.resolver.warning=true -Dsun.rmi.dgc.client.gcInterval=3600000 -Dsun.rmi.dgc.server.gcInterval=3600000 -Xrunjdwp:transport=dt_socket,address=8787,server=y,suspend=n -Dprogram.name=run.sh -Djava.library.path=/Users/tfennelly/packs/jboss_home/bin/native/lib64 -Djava.endorsed.dirs=/Users/tfennelly/packs/jboss_home/lib/endorsed
21:35:10,320 INFO  [JMXKernel] Legacy JMX core initialized
21:35:18,951 INFO  [AbstractServerConfig] JBoss Web Services - Stack CXF Server 3.4.1.GA
21:35:20,146 INFO  [JSFImplManagementDeployer] Initialized 3 JSF configurations: [Mojarra-1.2, MyFaces-2.0, Mojarra-2.0]
21:35:20,514 INFO  [Bootstrap] Bootstrapping TorqueBox AS
21:35:20,530 INFO  [Bootstrap] Using JRuby: "/Users/tfennelly/packs/tb_home/jruby"
21:35:23,885 INFO  [RubyRuntimeFactoryImpl] Creating ruby runtime (ruby_version: RUBY1_8, compile_mode: JIT, context: torquebox.global)
21:35:51,280 INFO  [QuartzScheduler] Scheduler meta-data: Quartz Scheduler (v1.8.3) 'JBossQuartzScheduler' with instanceId 'NON_CLUSTERED'
  Scheduler class: 'org.quartz.core.QuartzScheduler' - running locally.
  NOT STARTED.
  Currently in standby mode.
  Number of jobs executed: 0
  Using thread pool 'org.quartz.simpl.SimpleThreadPool' <with 10 threads>.
  Using job-store 'org.quartz.simpl.RAMJobStore' - which does not support persistence. and is not clustered.

21:35:51,281 INFO  [StdSchedulerFactory] Quartz scheduler 'JBossQuartzScheduler' initialized from an externally opened InputStream.